
http://real-chart.finance.yahoo.com/table.csv?s=ABIRLANUVO.NS&a=0&b=5&c=2016&d=0&e=5&f=2017&g=d&ignore=.csv
Retrying 0
Saved to file
http://real-chart.finance.yahoo.com/table.csv?s=ACC.NS&a=0&b=5&c=2016&d=0&e=5&f=2017&g=d&ignore=.csv
Retrying 0
Saved to file
http://real-chart.finance.yahoo.com/table.csv?s=ALBK.NS&a=0&b=5&c=2016&d=0&e=5&f=2017&g=d&ignore=.csv
Retrying 0
Saved to file
http://real-chart.finance.yahoo.com/table.csv?s=AJANTPHARM.NS&a=0&b=5&c=2016&d=0&e=5&f=2017&g=d&ignore=.csv
Retrying 0
Saved to file
http://real-chart.finance.yahoo.com/table.csv?s=AMARAJABAT.NS&a=0&b=5&c=2016&d=0&e=5&f=2017&g=d&ignore=.csv
Retrying 0
Saved to file
http://real-chart.finance.yahoo.com/table.csv?s=AMBUJACEM.NS&a=0&b=5&c=2016&d=0&e=5&f=2017&g=d&ignore=.csv
Retrying 0
Saved to file
http://real-chart.finance.yahoo.com/table.csv?s=ADANIPORTS.NS&a=0&b=5&c=2016&d=0&e=5&f=2017&g=d&ignore=.csv
Retrying 0
Saved to file
http://real-chart.finance.yahoo.com/table.csv?s=ANDHRABANK.NS&a=0&b=5&c=2016&d=0&e=5&f=2017&g=d&ignore=.csv
Retrying 0
Saved to file
http://real-chart.finance.yahoo.com/table.csv?s=ARVIND.NS&a=0&b=5&c=2016&d=0&e=5&f=2017&g=d&ignore=.csv
Retrying 0
Saved to file
http://real-chart.finance.yahoo.com/table.csv?s=ASHOKLEY.NS&a=0&b=5&c=2016&d=0&e=5&f=2017&g=d&ignore=.csv
Retrying 0
Saved to file
http://real-chart.finance.yahoo.com/table.csv?s=APOLLOHOSP.NS&a=0&b=5&c=2016&d=0&e=5&f=2017&g=d&ignore=.csv
Retrying 0
Saved to file
http://real-chart.finance.yahoo.com/table.csv?s=ASIANPAINT.NS&a=0&b=5&c=2016&d=0&e=5&f=2017&g=d&ignore=.csv
Retrying 0
Saved to file
http://real-chart.finance.yahoo.com/table.csv?s=AUROPHARMA.NS&a=0&b=5&c=2016&d=0&e=5&f=2017&g=d&ignore=.csv
Retrying 0
Saved to file
http://real-chart.finance.yahoo.com/table.csv?s=BAJAJ-AUTO.NS&a=0&b=5&c=2016&d=0&e=5&f=2017&g=d&ignore=.csv
Retrying 0
Retrying 1
Retrying 2
Retrying 3
Retrying 4
http://real-chart.finance.yahoo.com/table.csv?s=BAJFINANCE.NS&a=0&b=5&c=2016&d=0&e=5&f=2017&g=d&ignore=.csv
Retrying 0
Saved to file
http://real-chart.finance.yahoo.com/table.csv?s=BEL.NS&a=0&b=5&c=2016&d=0&e=5&f=2017&g=d&ignore=.csv
Retrying 0
Saved to file
http://real-chart.finance.yahoo.com/table.csv?s=BEML.NS&a=0&b=5&c=2016&d=0&e=5&f=2017&g=d&ignore=.csv
Retrying 0
Saved to file
http://real-chart.finance.yahoo.com/table.csv?s=BHARATFORG.NS&a=0&b=5&c=2016&d=0&e=5&f=2017&g=d&ignore=.csv
Retrying 0
Saved to file
http://real-chart.finance.yahoo.com/table.csv?s=BANKBARODA.NS&a=0&b=5&c=2016&d=0&e=5&f=2017&g=d&ignore=.csv
Retrying 0
Saved to file
http://real-chart.finance.yahoo.com/table.csv?s=BATAINDIA.NS&a=0&b=5&c=2016&d=0&e=5&f=2017&g=d&ignore=.csv
Retrying 0
Saved to file
http://real-chart.finance.yahoo.com/table.csv?s=BHARATFIN.NS&a=0&b=5&c=2016&d=0&e=5&f=2017&g=d&ignore=.csv
Retrying 0
Saved to file
http://real-chart.finance.yahoo.com/table.csv?s=BIOCON.NS&a=0&b=5&c=2016&d=0&e=5&f=2017&g=d&ignore=.csv
Retrying 0
Saved to file
http://real-chart.finance.yahoo.com/table.csv?s=CADILAHC.NS&a=0&b=5&c=2016&d=0&e=5&f=2017&g=d&ignore=.csv
Retrying 0
Saved to file
http://real-chart.finance.yahoo.com/table.csv?s=CASTROLIND.NS&a=0&b=5&c=2016&d=0&e=5&f=2017&g=d&ignore=.csv
Retrying 0
Saved to file
http://real-chart.finance.yahoo.com/table.csv?s=APOLLOTYRE.NS&a=0&b=5&c=2016&d=0&e=5&f=2017&g=d&ignore=.csv
Retrying 0
Saved to file
http://real-chart.finance.yahoo.com/table.csv?s=CENTURYTEX.NS&a=0&b=5&c=2016&d=0&e=5&f=2017&g=d&ignore=.csv
Retrying 0
Saved to file
http://real-chart.finance.yahoo.com/table.csv?s=CIPLA.NS&a=0&b=5&c=2016&d=0&e=5&f=2017&g=d&ignore=.csv
Retrying 0
Saved to file
http://real-chart.finance.yahoo.com/table.csv?s=COALINDIA.NS&a=0&b=5&c=2016&d=0&e=5&f=2017&g=d&ignore=.csv
Retrying 0
Saved to file
http://real-chart.finance.yahoo.com/table.csv?s=COLPAL.NS&a=0&b=5&c=2016&d=0&e=5&f=2017&g=d&ignore=.csv
Retrying 0
Saved to file
http://real-chart.finance.yahoo.com/table.csv?s=CONCOR.NS&a=0&b=5&c=2016&d=0&e=5&f=2017&g=d&ignore=.csv
Retrying 0
Saved to file
http://real-chart.finance.yahoo.com/table.csv?s=CROMPGREAV.NS&a=0&b=5&c=2016&d=0&e=5&f=2017&g=d&ignore=.csv
Retrying 0
Saved to file
http://real-chart.finance.yahoo.com/table.csv?s=DCBBANK.NS&a=0&b=5&c=2016&d=0&e=5&f=2017&g=d&ignore=.csv
Retrying 0
Saved to file
http://real-chart.finance.yahoo.com/table.csv?s=DHFL.NS&a=0&b=5&c=2016&d=0&e=5&f=2017&g=d&ignore=.csv
Retrying 0
Saved to file
http://real-chart.finance.yahoo.com/table.csv?s=BOSCHLTD.NS&a=0&b=5&c=2016&d=0&e=5&f=2017&g=d&ignore=.csv
Retrying 0
Saved to file
http://real-chart.finance.yahoo.com/table.csv?s=DISHTV.NS&a=0&b=5&c=2016&d=0&e=5&f=2017&g=d&ignore=.csv
Retrying 0
Saved to file
http://real-chart.finance.yahoo.com/table.csv?s=DIVISLAB.NS&a=0&b=5&c=2016&d=0&e=5&f=2017&g=d&ignore=.csv
Retrying 0
Saved to file
http://real-chart.finance.yahoo.com/table.csv?s=DLF.NS&a=0&b=5&c=2016&d=0&e=5&f=2017&g=d&ignore=.csv
Retrying 0
Saved to file
http://real-chart.finance.yahoo.com/table.csv?s=DRREDDY.NS&a=0&b=5&c=2016&d=0&e=5&f=2017&g=d&ignore=.csv
Retrying 0
Saved to file
http://real-chart.finance.yahoo.com/table.csv?s=EICHERMOT.NS&a=0&b=5&c=2016&d=0&e=5&f=2017&g=d&ignore=.csv
Retrying 0
Saved to file
http://real-chart.finance.yahoo.com/table.csv?s=BANKINDIA.NS&a=0&b=5&c=2016&d=0&e=5&f=2017&g=d&ignore=.csv
Retrying 0
Saved to file
http://real-chart.finance.yahoo.com/table.csv?s=EXIDEIND.NS&a=0&b=5&c=2016&d=0&e=5&f=2017&g=d&ignore=.csv
Retrying 0
Saved to file
http://real-chart.finance.yahoo.com/table.csv?s=FEDERALBNK.NS&a=0&b=5&c=2016&d=0&e=5&f=2017&g=d&ignore=.csv
Retrying 0
Saved to file
http://real-chart.finance.yahoo.com/table.csv?s=BPCL.NS&a=0&b=5&c=2016&d=0&e=5&f=2017&g=d&ignore=.csv
Retrying 0
Saved to file
http://real-chart.finance.yahoo.com/table.csv?s=BRITANNIA.NS&a=0&b=5&c=2016&d=0&e=5&f=2017&g=d&ignore=.csv
Retrying 0
Saved to file
http://real-chart.finance.yahoo.com/table.csv?s=GAIL.NS&a=0&b=5&c=2016&d=0&e=5&f=2017&g=d&ignore=.csv
Retrying 0
Saved to file
http://real-chart.finance.yahoo.com/table.csv?s=GLENMARK.NS&a=0&b=5&c=2016&d=0&e=5&f=2017&g=d&ignore=.csv
Retrying 0
Saved to file
http://real-chart.finance.yahoo.com/table.csv?s=GMRINFRA.NS&a=0&b=5&c=2016&d=0&e=5&f=2017&g=d&ignore=.csv
Retrying 0
Saved to file
http://real-chart.finance.yahoo.com/table.csv?s=GRANULES.NS&a=0&b=5&c=2016&d=0&e=5&f=2017&g=d&ignore=.csv
Retrying 0
Saved to file
http://real-chart.finance.yahoo.com/table.csv?s=GRASIM.NS&a=0&b=5&c=2016&d=0&e=5&f=2017&g=d&ignore=.csv
Retrying 0
Saved to file
http://real-chart.finance.yahoo.com/table.csv?s=HCLTECH.NS&a=0&b=5&c=2016&d=0&e=5&f=2017&g=d&ignore=.csv
Retrying 0
Saved to file
http://real-chart.finance.yahoo.com/table.csv?s=BHARTIARTL.NS&a=0&b=5&c=2016&d=0&e=5&f=2017&g=d&ignore=.csv
Retrying 0
Saved to file
http://real-chart.finance.yahoo.com/table.csv?s=HDFC.NS&a=0&b=5&c=2016&d=0&e=5&f=2017&g=d&ignore=.csv
Retrying 0
Saved to file
http://real-chart.finance.yahoo.com/table.csv?s=CANBK.NS&a=0&b=5&c=2016&d=0&e=5&f=2017&g=d&ignore=.csv
Retrying 0
Saved to file
http://real-chart.finance.yahoo.com/table.csv?s=CEATLTD.NS&a=0&b=5&c=2016&d=0&e=5&f=2017&g=d&ignore=.csv
Retrying 0
Saved to file
http://real-chart.finance.yahoo.com/table.csv?s=HDFCBANK.NS&a=0&b=5&c=2016&d=0&e=5&f=2017&g=d&ignore=.csv
Retrying 0
Saved to file
http://real-chart.finance.yahoo.com/table.csv?s=HEXAWARE.NS&a=0&b=5&c=2016&d=0&e=5&f=2017&g=d&ignore=.csv
Retrying 0
Saved to file
http://real-chart.finance.yahoo.com/table.csv?s=CESC.NS&a=0&b=5&c=2016&d=0&e=5&f=2017&g=d&ignore=.csv
Retrying 0
Saved to file
http://real-chart.finance.yahoo.com/table.csv?s=HINDPETRO.NS&a=0&b=5&c=2016&d=0&e=5&f=2017&g=d&ignore=.csv
Retrying 0
Saved to file
http://real-chart.finance.yahoo.com/table.csv?s=HINDUNILVR.NS&a=0&b=5&c=2016&d=0&e=5&f=2017&g=d&ignore=.csv
Retrying 0
Saved to file
http://real-chart.finance.yahoo.com/table.csv?s=IBREALEST.NS&a=0&b=5&c=2016&d=0&e=5&f=2017&g=d&ignore=.csv
Retrying 0
Saved to file
http://real-chart.finance.yahoo.com/table.csv?s=IBULHSGFIN.NS&a=0&b=5&c=2016&d=0&e=5&f=2017&g=d&ignore=.csv
Retrying 0
Saved to file
http://real-chart.finance.yahoo.com/table.csv?s=ICIL.NS&a=0&b=5&c=2016&d=0&e=5&f=2017&g=d&ignore=.csv
Retrying 0
Saved to file
http://real-chart.finance.yahoo.com/table.csv?s=CAIRN.NS&a=0&b=5&c=2016&d=0&e=5&f=2017&g=d&ignore=.csv
Retrying 0
Saved to file
http://real-chart.finance.yahoo.com/table.csv?s=CUMMINSIND.NS&a=0&b=5&c=2016&d=0&e=5&f=2017&g=d&ignore=.csv
Retrying 0
Saved to file
http://real-chart.finance.yahoo.com/table.csv?s=IDFC.NS&a=0&b=5&c=2016&d=0&e=5&f=2017&g=d&ignore=.csv
Retrying 0
Saved to file
http://real-chart.finance.yahoo.com/table.csv?s=IDFCBANK.NS&a=0&b=5&c=2016&d=0&e=5&f=2017&g=d&ignore=.csv
Retrying 0
Saved to file
http://real-chart.finance.yahoo.com/table.csv?s=INDIACEM.NS&a=0&b=5&c=2016&d=0&e=5&f=2017&g=d&ignore=.csv
Retrying 0
Saved to file
http://real-chart.finance.yahoo.com/table.csv?s=INDUSINDBK.NS&a=0&b=5&c=2016&d=0&e=5&f=2017&g=d&ignore=.csv
Retrying 0
Saved to file
http://real-chart.finance.yahoo.com/table.csv?s=INFY.NS&a=0&b=5&c=2016&d=0&e=5&f=2017&g=d&ignore=.csv
Retrying 0
Saved to file
http://real-chart.finance.yahoo.com/table.csv?s=ITC.NS&a=0&b=5&c=2016&d=0&e=5&f=2017&g=d&ignore=.csv
Retrying 0
Saved to file
http://real-chart.finance.yahoo.com/table.csv?s=JETAIRWAYS.NS&a=0&b=5&c=2016&d=0&e=5&f=2017&g=d&ignore=.csv
Retrying 0
Saved to file
http://real-chart.finance.yahoo.com/table.csv?s=JSWENERGY.NS&a=0&b=5&c=2016&d=0&e=5&f=2017&g=d&ignore=.csv
Retrying 0
Saved to file
http://real-chart.finance.yahoo.com/table.csv?s=JSWSTEEL.NS&a=0&b=5&c=2016&d=0&e=5&f=2017&g=d&ignore=.csv
Retrying 0
Saved to file
http://real-chart.finance.yahoo.com/table.csv?s=JUBLFOOD.NS&a=0&b=5&c=2016&d=0&e=5&f=2017&g=d&ignore=.csv
Retrying 0
Saved to file
http://real-chart.finance.yahoo.com/table.csv?s=KOTAKBANK.NS&a=0&b=5&c=2016&d=0&e=5&f=2017&g=d&ignore=.csv
Retrying 0
Saved to file
http://real-chart.finance.yahoo.com/table.csv?s=KPIT.NS&a=0&b=5&c=2016&d=0&e=5&f=2017&g=d&ignore=.csv
Retrying 0
Saved to file
http://real-chart.finance.yahoo.com/table.csv?s=KTKBANK.NS&a=0&b=5&c=2016&d=0&e=5&f=2017&g=d&ignore=.csv
Retrying 0
Saved to file
http://real-chart.finance.yahoo.com/table.csv?s=L&TFH.NS&a=0&b=5&c=2016&d=0&e=5&f=2017&g=d&ignore=.csv
Retrying 0
Saved to file
http://real-chart.finance.yahoo.com/table.csv?s=LICHSGFIN.NS&a=0&b=5&c=2016&d=0&e=5&f=2017&g=d&ignore=.csv
Retrying 0
Saved to file
http://real-chart.finance.yahoo.com/table.csv?s=LT.NS&a=0&b=5&c=2016&d=0&e=5&f=2017&g=d&ignore=.csv
Retrying 0
Saved to file
http://real-chart.finance.yahoo.com/table.csv?s=LUPIN.NS&a=0&b=5&c=2016&d=0&e=5&f=2017&g=d&ignore=.csv
Retrying 0
Saved to file
http://real-chart.finance.yahoo.com/table.csv?s=M&M.NS&a=0&b=5&c=2016&d=0&e=5&f=2017&g=d&ignore=.csv
Retrying 0
Saved to file
http://real-chart.finance.yahoo.com/table.csv?s=M&MFIN.NS&a=0&b=5&c=2016&d=0&e=5&f=2017&g=d&ignore=.csv
Retrying 0
Saved to file
http://real-chart.finance.yahoo.com/table.csv?s=MARICO.NS&a=0&b=5&c=2016&d=0&e=5&f=2017&g=d&ignore=.csv
Retrying 0
Saved to file
http://real-chart.finance.yahoo.com/table.csv?s=MCLEODRUSS.NS&a=0&b=5&c=2016&d=0&e=5&f=2017&g=d&ignore=.csv
Retrying 0
Saved to file
http://real-chart.finance.yahoo.com/table.csv?s=MINDTREE.NS&a=0&b=5&c=2016&d=0&e=5&f=2017&g=d&ignore=.csv
Retrying 0
Saved to file
http://real-chart.finance.yahoo.com/table.csv?s=MRF.NS&a=0&b=5&c=2016&d=0&e=5&f=2017&g=d&ignore=.csv
Retrying 0
Saved to file
http://real-chart.finance.yahoo.com/table.csv?s=NCC.NS&a=0&b=5&c=2016&d=0&e=5&f=2017&g=d&ignore=.csv
Retrying 0
Saved to file
http://real-chart.finance.yahoo.com/table.csv?s=NIITTECH.NS&a=0&b=5&c=2016&d=0&e=5&f=2017&g=d&ignore=.csv
Retrying 0
Saved to file
http://real-chart.finance.yahoo.com/table.csv?s=NMDC.NS&a=0&b=5&c=2016&d=0&e=5&f=2017&g=d&ignore=.csv
Retrying 0
Saved to file
http://real-chart.finance.yahoo.com/table.csv?s=NTPC.NS&a=0&b=5&c=2016&d=0&e=5&f=2017&g=d&ignore=.csv
Retrying 0
Saved to file
http://real-chart.finance.yahoo.com/table.csv?s=OFSS.NS&a=0&b=5&c=2016&d=0&e=5&f=2017&g=d&ignore=.csv
Retrying 0
Saved to file
http://real-chart.finance.yahoo.com/table.csv?s=PAGEIND.NS&a=0&b=5&c=2016&d=0&e=5&f=2017&g=d&ignore=.csv
Retrying 0
Saved to file
http://real-chart.finance.yahoo.com/table.csv?s=PCJEWELLER.NS&a=0&b=5&c=2016&d=0&e=5&f=2017&g=d&ignore=.csv
Retrying 0
Saved to file
http://real-chart.finance.yahoo.com/table.csv?s=PFC.NS&a=0&b=5&c=2016&d=0&e=5&f=2017&g=d&ignore=.csv
Retrying 0
Saved to file
http://real-chart.finance.yahoo.com/table.csv?s=PIDILITIND.NS&a=0&b=5&c=2016&d=0&e=5&f=2017&g=d&ignore=.csv
Retrying 0
Saved to file
http://real-chart.finance.yahoo.com/table.csv?s=POWERGRID.NS&a=0&b=5&c=2016&d=0&e=5&f=2017&g=d&ignore=.csv
Retrying 0
Saved to file
http://real-chart.finance.yahoo.com/table.csv?s=RECLTD.NS&a=0&b=5&c=2016&d=0&e=5&f=2017&g=d&ignore=.csv
Retrying 0
Saved to file
http://real-chart.finance.yahoo.com/table.csv?s=RELCAPITAL.NS&a=0&b=5&c=2016&d=0&e=5&f=2017&g=d&ignore=.csv
Retrying 0
Saved to file
http://real-chart.finance.yahoo.com/table.csv?s=ENGINERSIN.NS&a=0&b=5&c=2016&d=0&e=5&f=2017&g=d&ignore=.csv
Retrying 0
Saved to file
http://real-chart.finance.yahoo.com/table.csv?s=RELIANCE.NS&a=0&b=5&c=2016&d=0&e=5&f=2017&g=d&ignore=.csv
Retrying 0
Saved to file
http://real-chart.finance.yahoo.com/table.csv?s=RPOWER.NS&a=0&b=5&c=2016&d=0&e=5&f=2017&g=d&ignore=.csv
Retrying 0
Saved to file
http://real-chart.finance.yahoo.com/table.csv?s=SAIL.NS&a=0&b=5&c=2016&d=0&e=5&f=2017&g=d&ignore=.csv
Retrying 0
Saved to file
http://real-chart.finance.yahoo.com/table.csv?s=SIEMENS.NS&a=0&b=5&c=2016&d=0&e=5&f=2017&g=d&ignore=.csv
Retrying 0
Saved to file
http://real-chart.finance.yahoo.com/table.csv?s=GODREJIND.NS&a=0&b=5&c=2016&d=0&e=5&f=2017&g=d&ignore=.csv
Retrying 0
Saved to file
http://real-chart.finance.yahoo.com/table.csv?s=SINTEX.NS&a=0&b=5&c=2016&d=0&e=5&f=2017&g=d&ignore=.csv
Retrying 0
Saved to file
http://real-chart.finance.yahoo.com/table.csv?s=SRF.NS&a=0&b=5&c=2016&d=0&e=5&f=2017&g=d&ignore=.csv
Retrying 0
Saved to file
http://real-chart.finance.yahoo.com/table.csv?s=SRTRANSFIN.NS&a=0&b=5&c=2016&d=0&e=5&f=2017&g=d&ignore=.csv
Retrying 0
Saved to file
http://real-chart.finance.yahoo.com/table.csv?s=HDIL.NS&a=0&b=5&c=2016&d=0&e=5&f=2017&g=d&ignore=.csv
Retrying 0
Saved to file
http://real-chart.finance.yahoo.com/table.csv?s=HEROMOTOCO.NS&a=0&b=5&c=2016&d=0&e=5&f=2017&g=d&ignore=.csv
Retrying 0
Saved to file
http://real-chart.finance.yahoo.com/table.csv?s=SUNPHARMA.NS&a=0&b=5&c=2016&d=0&e=5&f=2017&g=d&ignore=.csv
Retrying 0
Saved to file
http://real-chart.finance.yahoo.com/table.csv?s=HINDZINC.NS&a=0&b=5&c=2016&d=0&e=5&f=2017&g=d&ignore=.csv
Retrying 0
Saved to file
http://real-chart.finance.yahoo.com/table.csv?s=ICICIBANK.NS&a=0&b=5&c=2016&d=0&e=5&f=2017&g=d&ignore=.csv
Retrying 0
Saved to file
http://real-chart.finance.yahoo.com/table.csv?s=HAVELLS.NS&a=0&b=5&c=2016&d=0&e=5&f=2017&g=d&ignore=.csv
Retrying 0
Saved to file
http://real-chart.finance.yahoo.com/table.csv?s=SUNTV.NS&a=0&b=5&c=2016&d=0&e=5&f=2017&g=d&ignore=.csv
Retrying 0
Saved to file
http://real-chart.finance.yahoo.com/table.csv?s=SYNDIBANK.NS&a=0&b=5&c=2016&d=0&e=5&f=2017&g=d&ignore=.csv
Retrying 0
Saved to file
http://real-chart.finance.yahoo.com/table.csv?s=IDBI.NS&a=0&b=5&c=2016&d=0&e=5&f=2017&g=d&ignore=.csv
Retrying 0
Saved to file
http://real-chart.finance.yahoo.com/table.csv?s=IDEA.NS&a=0&b=5&c=2016&d=0&e=5&f=2017&g=d&ignore=.csv
Retrying 0
Saved to file
http://real-chart.finance.yahoo.com/table.csv?s=TATAELXSI.NS&a=0&b=5&c=2016&d=0&e=5&f=2017&g=d&ignore=.csv
Retrying 0
Saved to file
http://real-chart.finance.yahoo.com/table.csv?s=TATAGLOBAL.NS&a=0&b=5&c=2016&d=0&e=5&f=2017&g=d&ignore=.csv
Retrying 0
Saved to file
http://real-chart.finance.yahoo.com/table.csv?s=TATASTEEL.NS&a=0&b=5&c=2016&d=0&e=5&f=2017&g=d&ignore=.csv
Retrying 0
Saved to file
http://real-chart.finance.yahoo.com/table.csv?s=TCS.NS&a=0&b=5&c=2016&d=0&e=5&f=2017&g=d&ignore=.csv
Retrying 0
Saved to file
http://real-chart.finance.yahoo.com/table.csv?s=IGL.NS&a=0&b=5&c=2016&d=0&e=5&f=2017&g=d&ignore=.csv
Retrying 0
Saved to file
http://real-chart.finance.yahoo.com/table.csv?s=HINDALCO.NS&a=0&b=5&c=2016&d=0&e=5&f=2017&g=d&ignore=.csv
Retrying 0
Saved to file
http://real-chart.finance.yahoo.com/table.csv?s=IOC.NS&a=0&b=5&c=2016&d=0&e=5&f=2017&g=d&ignore=.csv
Retrying 0
Saved to file
http://real-chart.finance.yahoo.com/table.csv?s=TECHM.NS&a=0&b=5&c=2016&d=0&e=5&f=2017&g=d&ignore=.csv
Retrying 0
Saved to file
http://real-chart.finance.yahoo.com/table.csv?s=MARUTI.NS&a=0&b=5&c=2016&d=0&e=5&f=2017&g=d&ignore=.csv
Retrying 0
Saved to file
http://real-chart.finance.yahoo.com/table.csv?s=TITAN.NS&a=0&b=5&c=2016&d=0&e=5&f=2017&g=d&ignore=.csv
Retrying 0
Saved to file
http://real-chart.finance.yahoo.com/table.csv?s=TV18BRDCST.NS&a=0&b=5&c=2016&d=0&e=5&f=2017&g=d&ignore=.csv
Retrying 0
Saved to file
http://real-chart.finance.yahoo.com/table.csv?s=UNIONBANK.NS&a=0&b=5&c=2016&d=0&e=5&f=2017&g=d&ignore=.csv
Retrying 0
Saved to file
http://real-chart.finance.yahoo.com/table.csv?s=UPL.NS&a=0&b=5&c=2016&d=0&e=5&f=2017&g=d&ignore=.csv
Retrying 0
Saved to file
http://real-chart.finance.yahoo.com/table.csv?s=VEDL.NS&a=0&b=5&c=2016&d=0&e=5&f=2017&g=d&ignore=.csv
Retrying 0
Saved to file
http://real-chart.finance.yahoo.com/table.csv?s=WIPRO.NS&a=0&b=5&c=2016&d=0&e=5&f=2017&g=d&ignore=.csv
Retrying 0
Saved to file
http://real-chart.finance.yahoo.com/table.csv?s=YESBANK.NS&a=0&b=5&c=2016&d=0&e=5&f=2017&g=d&ignore=.csv
Retrying 0
Saved to file
http://real-chart.finance.yahoo.com/table.csv?s=ADANIENT.NS&a=0&b=5&c=2016&d=0&e=5&f=2017&g=d&ignore=.csv
Retrying 0
Saved to file
http://real-chart.finance.yahoo.com/table.csv?s=ADANIPOWER.NS&a=0&b=5&c=2016&d=0&e=5&f=2017&g=d&ignore=.csv
Retrying 0
Saved to file
http://real-chart.finance.yahoo.com/table.csv?s=BHEL.NS&a=0&b=5&c=2016&d=0&e=5&f=2017&g=d&ignore=.csv
Retrying 0
Saved to file
http://real-chart.finance.yahoo.com/table.csv?s=NHPC.NS&a=0&b=5&c=2016&d=0&e=5&f=2017&g=d&ignore=.csv
Retrying 0
Saved to file
http://real-chart.finance.yahoo.com/table.csv?s=IFCI.NS&a=0&b=5&c=2016&d=0&e=5&f=2017&g=d&ignore=.csv
Retrying 0
Saved to file
http://real-chart.finance.yahoo.com/table.csv?s=OIL.NS&a=0&b=5&c=2016&d=0&e=5&f=2017&g=d&ignore=.csv
Retrying 0
Saved to file
http://real-chart.finance.yahoo.com/table.csv?s=ONGC.NS&a=0&b=5&c=2016&d=0&e=5&f=2017&g=d&ignore=.csv
Retrying 0
Saved to file
http://real-chart.finance.yahoo.com/table.csv?s=PETRONET.NS&a=0&b=5&c=2016&d=0&e=5&f=2017&g=d&ignore=.csv
Retrying 0
Saved to file
http://real-chart.finance.yahoo.com/table.csv?s=PNB.NS&a=0&b=5&c=2016&d=0&e=5&f=2017&g=d&ignore=.csv
Retrying 0
Saved to file
http://real-chart.finance.yahoo.com/table.csv?s=RCOM.NS&a=0&b=5&c=2016&d=0&e=5&f=2017&g=d&ignore=.csv
Retrying 0
Saved to file
http://real-chart.finance.yahoo.com/table.csv?s=DABUR.NS&a=0&b=5&c=2016&d=0&e=5&f=2017&g=d&ignore=.csv
Retrying 0
Saved to file
http://real-chart.finance.yahoo.com/table.csv?s=SBIN.NS&a=0&b=5&c=2016&d=0&e=5&f=2017&g=d&ignore=.csv
Retrying 0
Saved to file
http://real-chart.finance.yahoo.com/table.csv?s=SOUTHBANK.NS&a=0&b=5&c=2016&d=0&e=5&f=2017&g=d&ignore=.csv
Retrying 0
Saved to file
http://real-chart.finance.yahoo.com/table.csv?s=JISLJALEQS.NS&a=0&b=5&c=2016&d=0&e=5&f=2017&g=d&ignore=.csv
Retrying 0
Saved to file
http://real-chart.finance.yahoo.com/table.csv?s=STAR.NS&a=0&b=5&c=2016&d=0&e=5&f=2017&g=d&ignore=.csv
Retrying 0
Saved to file
http://real-chart.finance.yahoo.com/table.csv?s=TATACOMM.NS&a=0&b=5&c=2016&d=0&e=5&f=2017&g=d&ignore=.csv
Retrying 0
Saved to file
http://real-chart.finance.yahoo.com/table.csv?s=TATAMOTORS.NS&a=0&b=5&c=2016&d=0&e=5&f=2017&g=d&ignore=.csv
Retrying 0
Saved to file
http://real-chart.finance.yahoo.com/table.csv?s=TATAMTRDVR.NS&a=0&b=5&c=2016&d=0&e=5&f=2017&g=d&ignore=.csv
Retrying 0
Saved to file
http://real-chart.finance.yahoo.com/table.csv?s=TATAPOWER.NS&a=0&b=5&c=2016&d=0&e=5&f=2017&g=d&ignore=.csv
Retrying 0
Saved to file
http://real-chart.finance.yahoo.com/table.csv?s=IRB.NS&a=0&b=5&c=2016&d=0&e=5&f=2017&g=d&ignore=.csv
Retrying 0
Saved to file
http://real-chart.finance.yahoo.com/table.csv?s=JINDALSTEL.NS&a=0&b=5&c=2016&d=0&e=5&f=2017&g=d&ignore=.csv
Retrying 0
Saved to file
http://real-chart.finance.yahoo.com/table.csv?s=TORNTPHARM.NS&a=0&b=5&c=2016&d=0&e=5&f=2017&g=d&ignore=.csv
Retrying 0
Saved to file
http://real-chart.finance.yahoo.com/table.csv?s=TORNTPOWER.NS&a=0&b=5&c=2016&d=0&e=5&f=2017&g=d&ignore=.csv
Retrying 0
Saved to file
http://real-chart.finance.yahoo.com/table.csv?s=JUSTDIAL.NS&a=0&b=5&c=2016&d=0&e=5&f=2017&g=d&ignore=.csv
Retrying 0
Saved to file
http://real-chart.finance.yahoo.com/table.csv?s=ULTRACEMCO.NS&a=0&b=5&c=2016&d=0&e=5&f=2017&g=d&ignore=.csv
Retrying 0
Saved to file
http://real-chart.finance.yahoo.com/table.csv?s=KSCL.NS&a=0&b=5&c=2016&d=0&e=5&f=2017&g=d&ignore=.csv
Retrying 0
Saved to file
http://real-chart.finance.yahoo.com/table.csv?s=VOLTAS.NS&a=0&b=5&c=2016&d=0&e=5&f=2017&g=d&ignore=.csv
Retrying 0
Saved to file
http://real-chart.finance.yahoo.com/table.csv?s=ZEEL.NS&a=0&b=5&c=2016&d=0&e=5&f=2017&g=d&ignore=.csv
Retrying 0
Saved to file
http://real-chart.finance.yahoo.com/table.csv?s=MCDOWELL-N.NS&a=0&b=5&c=2016&d=0&e=5&f=2017&g=d&ignore=.csv
Retrying 0
Retrying 1
Retrying 2
Retrying 3
Retrying 4
http://real-chart.finance.yahoo.com/table.csv?s=MOTHERSUMI.NS&a=0&b=5&c=2016&d=0&e=5&f=2017&g=d&ignore=.csv
Retrying 0
Saved to file
http://real-chart.finance.yahoo.com/table.csv?s=PTC.NS&a=0&b=5&c=2016&d=0&e=5&f=2017&g=d&ignore=.csv
Retrying 0
Saved to file
http://real-chart.finance.yahoo.com/table.csv?s=WOCKPHARMA.NS&a=0&b=5&c=2016&d=0&e=5&f=2017&g=d&ignore=.csv
Retrying 0
Saved to file
http://real-chart.finance.yahoo.com/table.csv?s=AXISBANK.NS&a=0&b=5&c=2016&d=0&e=5&f=2017&g=d&ignore=.csv
Retrying 0
Saved to file
http://real-chart.finance.yahoo.com/table.csv?s=ORIENTBANK.NS&a=0&b=5&c=2016&d=0&e=5&f=2017&g=d&ignore=.csv
Retrying 0
Saved to file
http://real-chart.finance.yahoo.com/table.csv?s=TATACHEM.NS&a=0&b=5&c=2016&d=0&e=5&f=2017&g=d&ignore=.csv
Retrying 0
Saved to file
http://real-chart.finance.yahoo.com/table.csv?s=TVSMOTOR.NS&a=0&b=5&c=2016&d=0&e=5&f=2017&g=d&ignore=.csv
Retrying 0
Saved to file
http://real-chart.finance.yahoo.com/table.csv?s=GODREJCP.NS&a=0&b=5&c=2016&d=0&e=5&f=2017&g=d&ignore=.csv
Retrying 0
Saved to file
http://real-chart.finance.yahoo.com/table.csv?s=INFRATEL.NS&a=0&b=5&c=2016&d=0&e=5&f=2017&g=d&ignore=.csv
Retrying 0
Saved to file
http://real-chart.finance.yahoo.com/table.csv?s=RELINFRA.NS&a=0&b=5&c=2016&d=0&e=5&f=2017&g=d&ignore=.csv
Retrying 0
Saved to file
http://real-chart.finance.yahoo.com/table.csv?s=UBL.NS&a=0&b=5&c=2016&d=0&e=5&f=2017&g=d&ignore=.csv
Retrying 0
Saved to file
http://real-chart.finance.yahoo.com/table.csv?s=JPASSOCIAT.NS&a=0&b=5&c=2016&d=0&e=5&f=2017&g=d&ignore=.csv
Retrying 0
Saved to file
ABIRLANUVO.NS : 1292.4 : 1291.55
ACC.NS : 1319.4 : 1343.55
ALBK.NS : 62.35 : 60.9
AJANTPHARM.NS : 1797.34998 : 1823.84998
AMARAJABAT.NS : 889.70001 : 896.59998
AMBUJACEM.NS : 212.15 : 215.2
ADANIPORTS.NS : 274.9 : 273.95
ANDHRABANK.NS : 47.85 : 47.7
ARVIND.NS : 360.25 : 352.15
ASHOKLEY.NS : 83.85 : 81.05
APOLLOHOSP.NS : 1205.45 : 1189.2
ASIANPAINT.NS : 906.6 : 896.6
AUROPHARMA.NS : 672.2 : 675.5

